TN:
SF:/Users/uiuxapi/Desktop/testing-angular-apps/unit-testing-demo/src/polyfills.ts
FNF:0
FNH:0
LF:0
LH:0
BRF:0
BRH:0
end_of_record
TN:
SF:/Users/uiuxapi/Desktop/testing-angular-apps/unit-testing-demo/src/test.ts
FNF:0
FNH:0
DA:13,1
DA:18,1
DA:20,1
LF:3
LH:3
BRF:0
BRH:0
end_of_record
TN:
SF:/Users/uiuxapi/Desktop/testing-angular-apps/unit-testing-demo/src/app/app.component.ts
FN:3,(anonymous_0)
FNF:1
FNH:1
FNDA:3,(anonymous_0)
DA:8,1
DA:9,3
LF:2
LH:2
BRF:0
BRH:0
end_of_record
TN:
SF:/Users/uiuxapi/Desktop/testing-angular-apps/unit-testing-demo/src/app/highlight.directive.ts
FN:10,(anonymous_0)
FN:13,(anonymous_1)
FNF:2
FNH:0
FNDA:0,(anonymous_0)
FNDA:0,(anonymous_1)
DA:6,1
DA:7,0
DA:8,1
DA:10,0
DA:14,0
LF:5
LH:2
BRDA:14,0,0,0
BRDA:14,0,1,0
BRF:2
BRH:0
end_of_record
TN:
SF:/Users/uiuxapi/Desktop/testing-angular-apps/unit-testing-demo/src/app/01-fundamentals/compute.ts
FN:2,compute
FNF:1
FNH:1
FNDA:1,compute
DA:3,1
DA:4,1
DA:6,0
LF:3
LH:2
BRDA:3,0,0,1
BRDA:3,0,1,0
BRF:2
BRH:1
end_of_record
TN:
SF:/Users/uiuxapi/Desktop/testing-angular-apps/unit-testing-demo/src/app/02-arrays-and-strings/getCurrencies.ts
FN:2,getCurrencies
FNF:1
FNH:1
FNDA:1,getCurrencies
DA:4,1
LF:1
LH:1
BRF:0
BRH:0
end_of_record
TN:
SF:/Users/uiuxapi/Desktop/testing-angular-apps/unit-testing-demo/src/app/02-arrays-and-strings/greet.ts
FN:2,greet
FNF:1
FNH:1
FNDA:1,greet
DA:4,1
LF:1
LH:1
BRF:0
BRH:0
end_of_record
TN:
SF:/Users/uiuxapi/Desktop/testing-angular-apps/unit-testing-demo/src/app/04-forms/todo-form.component.ts
FN:7,(anonymous_0)
FNF:1
FNH:1
FNDA:2,(anonymous_0)
DA:8,2
LF:1
LH:1
BRF:0
BRH:0
end_of_record
TN:
SF:/Users/uiuxapi/Desktop/testing-angular-apps/unit-testing-demo/src/app/05-event-emitters/vote.component.ts
FN:4,(anonymous_0)
FN:8,(anonymous_1)
FN:13,(anonymous_2)
FNF:3
FNH:3
FNDA:4,(anonymous_0)
FNDA:2,(anonymous_1)
FNDA:1,(anonymous_2)
DA:5,4
DA:6,4
DA:9,2
DA:10,2
DA:14,1
DA:15,1
LF:6
LH:6
BRF:0
BRH:0
end_of_record
TN:
SF:/Users/uiuxapi/Desktop/testing-angular-apps/unit-testing-demo/src/app/06-services/todo.service.ts
FN:7,(anonymous_0)
FN:10,(anonymous_1)
FN:11,(anonymous_2)
FN:14,(anonymous_3)
FN:15,(anonymous_4)
FN:18,(anonymous_5)
FN:19,(anonymous_6)
FNF:7
FNH:1
FNDA:7,(anonymous_0)
FNDA:0,(anonymous_1)
FNDA:0,(anonymous_2)
FNDA:0,(anonymous_3)
FNDA:0,(anonymous_4)
FNDA:0,(anonymous_5)
FNDA:0,(anonymous_6)
DA:7,7
DA:11,0
DA:15,0
DA:19,0
LF:4
LH:1
BRF:0
BRH:0
end_of_record
TN:
SF:/Users/uiuxapi/Desktop/testing-angular-apps/unit-testing-demo/src/app/06-services/todos.component.ts
FN:8,(anonymous_0)
FN:10,(anonymous_1)
FN:11,(anonymous_2)
FN:14,(anonymous_3)
FN:17,(anonymous_4)
FN:18,(anonymous_5)
FN:21,(anonymous_6)
FNF:7
FNH:5
FNDA:7,(anonymous_0)
FNDA:0,(anonymous_1)
FNDA:0,(anonymous_2)
FNDA:4,(anonymous_3)
FNDA:2,(anonymous_4)
FNDA:1,(anonymous_5)
FNDA:2,(anonymous_6)
DA:5,7
DA:8,7
DA:11,0
DA:15,4
DA:16,4
DA:17,2
DA:18,1
DA:22,2
DA:23,1
LF:9
LH:8
BRDA:22,0,0,1
BRDA:22,0,1,1
BRF:2
BRH:2
end_of_record
TN:
SF:/Users/uiuxapi/Desktop/testing-angular-apps/unit-testing-demo/src/app/1-voter/voter.component.ts
FN:3,(anonymous_0)
FN:14,(anonymous_1)
FN:23,(anonymous_2)
FN:32,(anonymous_3)
FNF:4
FNH:3
FNDA:6,(anonymous_0)
FNDA:2,(anonymous_1)
FNDA:0,(anonymous_2)
FNDA:10,(anonymous_3)
DA:8,1
DA:9,6
DA:10,6
DA:12,6
DA:15,2
DA:16,0
DA:18,2
DA:20,2
DA:24,0
DA:25,0
DA:27,0
DA:29,0
DA:33,10
LF:13
LH:8
BRDA:15,0,0,0
BRDA:15,0,1,2
BRDA:24,1,0,0
BRDA:24,1,1,0
BRF:4
BRH:1
end_of_record
TN:
SF:/Users/uiuxapi/Desktop/testing-angular-apps/unit-testing-demo/src/app/2-todos/todo.service.ts
FN:12,(anonymous_0)
FN:15,(anonymous_1)
FN:16,(anonymous_2)
FN:19,(anonymous_3)
FN:20,(anonymous_4)
FN:23,(anonymous_5)
FN:24,(anonymous_6)
FN:27,(anonymous_7)
FN:28,(anonymous_8)
FNF:9
FNH:0
FNDA:0,(anonymous_0)
FNDA:0,(anonymous_1)
FNDA:0,(anonymous_2)
FNDA:0,(anonymous_3)
FNDA:0,(anonymous_4)
FNDA:0,(anonymous_5)
FNDA:0,(anonymous_6)
FNDA:0,(anonymous_7)
FNDA:0,(anonymous_8)
DA:11,1
DA:12,0
DA:16,0
DA:20,0
DA:24,0
DA:28,0
LF:6
LH:1
BRF:0
BRH:0
end_of_record
TN:
SF:/Users/uiuxapi/Desktop/testing-angular-apps/unit-testing-demo/src/app/2-todos/todos.component.ts
FN:13,(anonymous_0)
FN:15,(anonymous_1)
FN:16,(anonymous_2)
FN:19,(anonymous_3)
FN:22,(anonymous_4)
FN:23,(anonymous_5)
FN:26,(anonymous_6)
FNF:7
FNH:0
FNDA:0,(anonymous_0)
FNDA:0,(anonymous_1)
FNDA:0,(anonymous_2)
FNDA:0,(anonymous_3)
FNDA:0,(anonymous_4)
FNDA:0,(anonymous_5)
FNDA:0,(anonymous_6)
DA:9,1
DA:10,0
DA:13,0
DA:16,0
DA:20,0
DA:21,0
DA:22,0
DA:23,0
DA:27,0
DA:28,0
LF:10
LH:1
BRDA:27,0,0,0
BRDA:27,0,1,0
BRF:2
BRH:0
end_of_record
TN:
SF:/Users/uiuxapi/Desktop/testing-angular-apps/unit-testing-demo/src/app/3-user-details/user-details.component.ts
FN:10,(anonymous_0)
FN:12,(anonymous_1)
FN:13,(anonymous_2)
FN:19,(anonymous_3)
FNF:4
FNH:0
FNDA:0,(anonymous_0)
FNDA:0,(anonymous_1)
FNDA:0,(anonymous_2)
FNDA:0,(anonymous_3)
DA:9,1
DA:10,0
DA:13,0
DA:14,0
DA:15,0
DA:20,0
LF:6
LH:1
BRDA:14,0,0,0
BRDA:14,0,1,0
BRF:2
BRH:0
end_of_record
TN:
SF:/Users/uiuxapi/Desktop/testing-angular-apps/unit-testing-demo/src/app/users/users.component.ts
FN:10,(anonymous_0)
FN:12,(anonymous_1)
FNF:2
FNH:2
FNDA:1,(anonymous_0)
FNDA:1,(anonymous_1)
DA:8,1
LF:1
LH:1
BRF:0
BRH:0
end_of_record
