TN:
SF:/Users/uiuxapi/Desktop/testing-angular-apps/unit-testing-demo/src/polyfills.ts
FNF:0
FNH:0
LF:0
LH:0
BRF:0
BRH:0
end_of_record
TN:
SF:/Users/uiuxapi/Desktop/testing-angular-apps/unit-testing-demo/src/test.ts
FNF:0
FNH:0
DA:13,1
DA:18,1
DA:20,1
LF:3
LH:3
BRF:0
BRH:0
end_of_record
TN:
SF:/Users/uiuxapi/Desktop/testing-angular-apps/unit-testing-demo/src/app/app.component.ts
FN:3,(anonymous_0)
FNF:1
FNH:1
FNDA:3,(anonymous_0)
DA:8,1
DA:9,3
LF:2
LH:2
BRF:0
BRH:0
end_of_record
TN:
SF:/Users/uiuxapi/Desktop/testing-angular-apps/unit-testing-demo/src/app/01-fundamentals/compute.ts
FN:2,compute
FNF:1
FNH:1
FNDA:1,compute
DA:3,1
DA:4,1
DA:6,0
LF:3
LH:2
BRDA:3,0,0,1
BRDA:3,0,1,0
BRF:2
BRH:1
end_of_record
TN:
SF:/Users/uiuxapi/Desktop/testing-angular-apps/unit-testing-demo/src/app/02-arrays-and-strings/getCurrencies.ts
FN:2,getCurrencies
FNF:1
FNH:1
FNDA:1,getCurrencies
DA:4,1
LF:1
LH:1
BRF:0
BRH:0
end_of_record
TN:
SF:/Users/uiuxapi/Desktop/testing-angular-apps/unit-testing-demo/src/app/02-arrays-and-strings/greet.ts
FN:2,greet
FNF:1
FNH:1
FNDA:1,greet
DA:4,1
LF:1
LH:1
BRF:0
BRH:0
end_of_record
TN:
SF:/Users/uiuxapi/Desktop/testing-angular-apps/unit-testing-demo/src/app/04-forms/todo-form.component.ts
FN:7,(anonymous_0)
FNF:1
FNH:1
FNDA:2,(anonymous_0)
DA:8,2
LF:1
LH:1
BRF:0
BRH:0
end_of_record
TN:
SF:/Users/uiuxapi/Desktop/testing-angular-apps/unit-testing-demo/src/app/05-event-emitters/vote.component.ts
FN:4,(anonymous_0)
FN:8,(anonymous_1)
FN:13,(anonymous_2)
FNF:3
FNH:3
FNDA:4,(anonymous_0)
FNDA:2,(anonymous_1)
FNDA:1,(anonymous_2)
DA:5,4
DA:6,4
DA:9,2
DA:10,2
DA:14,1
DA:15,1
LF:6
LH:6
BRF:0
BRH:0
end_of_record
TN:
SF:/Users/uiuxapi/Desktop/testing-angular-apps/unit-testing-demo/src/app/06-services/todo.service.ts
FN:7,(anonymous_0)
FN:10,(anonymous_1)
FN:11,(anonymous_2)
FN:14,(anonymous_3)
FN:15,(anonymous_4)
FN:18,(anonymous_5)
FN:19,(anonymous_6)
FNF:7
FNH:1
FNDA:7,(anonymous_0)
FNDA:0,(anonymous_1)
FNDA:0,(anonymous_2)
FNDA:0,(anonymous_3)
FNDA:0,(anonymous_4)
FNDA:0,(anonymous_5)
FNDA:0,(anonymous_6)
DA:7,7
DA:11,0
DA:15,0
DA:19,0
LF:4
LH:1
BRF:0
BRH:0
end_of_record
TN:
SF:/Users/uiuxapi/Desktop/testing-angular-apps/unit-testing-demo/src/app/06-services/todos.component.ts
FN:8,(anonymous_0)
FN:10,(anonymous_1)
FN:11,(anonymous_2)
FN:14,(anonymous_3)
FN:17,(anonymous_4)
FN:18,(anonymous_5)
FN:21,(anonymous_6)
FNF:7
FNH:5
FNDA:7,(anonymous_0)
FNDA:0,(anonymous_1)
FNDA:0,(anonymous_2)
FNDA:4,(anonymous_3)
FNDA:2,(anonymous_4)
FNDA:1,(anonymous_5)
FNDA:2,(anonymous_6)
DA:5,7
DA:8,7
DA:11,0
DA:15,4
DA:16,4
DA:17,2
DA:18,1
DA:22,2
DA:23,1
LF:9
LH:8
BRDA:22,0,0,1
BRDA:22,0,1,1
BRF:2
BRH:2
end_of_record
